<?xml version="1.0" encoding="UTF-8"?>
<testsuite name="tests.TestSystem-20240306180928" tests="2" file="tests.py" time="0.008" timestamp="2024-03-06T18:09:28" failures="0" errors="0" skipped="0">
	<testcase classname="tests.TestSystem" name="test_login_success" time="0.008" timestamp="2024-03-06T18:09:28"/>
	<testcase classname="tests.TestSystem" name="test_login_success_admin" time="0.000" timestamp="2024-03-06T18:09:28"/>
</testsuite>
