<?xml version="1.0" encoding="UTF-8"?>
<testsuite name="tests.TestSystem-20240306180504" tests="2" file="tests.py" time="0.006" timestamp="2024-03-06T18:05:04" failures="0" errors="0" skipped="0">
	<testcase classname="tests.TestSystem" name="test_login_success" time="0.005" timestamp="2024-03-06T18:05:04"/>
	<testcase classname="tests.TestSystem" name="test_login_success_admin" time="0.001" timestamp="2024-03-06T18:05:04"/>
</testsuite>
