<?xml version="1.0" encoding="UTF-8"?>
<testsuite name="tests.TestSystem-20240307051632" tests="2" file="tests.py" time="0.003" timestamp="2024-03-07T05:16:32" failures="0" errors="0" skipped="0">
	<testcase classname="tests.TestSystem" name="test_login_success" time="0.001" timestamp="2024-03-07T05:16:32"/>
	<testcase classname="tests.TestSystem" name="test_login_success_admin" time="0.002" timestamp="2024-03-07T05:16:32"/>
</testsuite>
