<?xml version="1.0" encoding="UTF-8"?>
<testsuite name="tests.TestSystem-20240307051635" tests="2" file="tests.py" time="0.000" timestamp="2024-03-07T05:16:36" failures="0" errors="0" skipped="0">
	<testcase classname="tests.TestSystem" name="test_login_success" time="0.000" timestamp="2024-03-07T05:16:36"/>
	<testcase classname="tests.TestSystem" name="test_login_success_admin" time="0.000" timestamp="2024-03-07T05:16:36"/>
</testsuite>
