<?xml version="1.0" encoding="UTF-8"?>
<testsuite name="tests.TestSystem-20240306163810" tests="1" file="tests.py" time="0.001" timestamp="2024-03-06T16:38:10" failures="0" errors="0" skipped="0">
	<testcase classname="tests.TestSystem" name="test_login_failure_non_existing_email" time="0.001" timestamp="2024-03-06T16:38:10"/>
</testsuite>
