<?xml version="1.0" encoding="UTF-8"?>
<testsuite name="tests.TestSystem-20240306180725" tests="2" file="tests.py" time="0.016" timestamp="2024-03-06T18:07:25" failures="0" errors="0" skipped="0">
	<testcase classname="tests.TestSystem" name="test_login_success" time="0.016" timestamp="2024-03-06T18:07:25"/>
	<testcase classname="tests.TestSystem" name="test_login_success_admin" time="0.000" timestamp="2024-03-06T18:07:25"/>
</testsuite>
