<?xml version="1.0" encoding="UTF-8"?>
<testsuite name="tests.TestSystem-20240306142520" tests="1" file="tests.py" time="0.016" timestamp="2024-03-06T14:25:20" failures="0" errors="0" skipped="0">
	<testcase classname="tests.TestSystem" name="test_login_failure_wrong_password" time="0.016" timestamp="2024-03-06T14:25:20"/>
</testsuite>
