<?xml version="1.0" encoding="UTF-8"?>
<testsuite name="tests.TestSystem-20240306142242" tests="2" file="tests.py" time="0.003" timestamp="2024-03-06T14:22:42" failures="0" errors="0" skipped="0">
	<testcase classname="tests.TestSystem" name="test_login_failure_wrong_password" time="0.002" timestamp="2024-03-06T14:22:42"/>
	<testcase classname="tests.TestSystem" name="test_login_success" time="0.001" timestamp="2024-03-06T14:22:42"/>
</testsuite>
