<?xml version="1.0" encoding="UTF-8"?>
<testsuite name="software_engineering_tests.HelloWorldTest-20240229021605" tests="1" file="software_engineering_tests.py" time="0.016" timestamp="2024-02-29T02:16:06" failures="0" errors="0" skipped="0">
	<testcase classname="software_engineering_tests.HelloWorldTest" name="test_should_issue_hello_world_message" time="0.016" timestamp="2024-02-29T02:16:06"/>
</testsuite>
